[rosbuild] Building package keyboard_teleop
[rosbuild] using multiarch 'x86_64-linux-gnu' for finding Boost
[rosbuild] Including /opt/ros/kinetic/share/roslisp/rosbuild/roslisp.cmake
[rosbuild] Including /opt/ros/kinetic/share/roscpp/rosbuild/roscpp.cmake
[rosbuild] Including /opt/ros/kinetic/share/rospy/rosbuild/rospy.cmake
[rosbuild] Couldn't find source file src/example.cpp; assuming that it is in /home/romain/catkin_ws/src/keyboard_teleop and will be generated later
[rosbuild] Couldn't find source file examples/example.cpp; assuming that it is in /home/romain/catkin_ws/src/keyboard_teleop and will be generated later
[31m[1mCMake Error[0m at /opt/ros/kinetic/share/ros/core/rosbuild/public.cmake:509 (add_executable):
  Cannot find source file:

    /home/romain/catkin_ws/src/keyboard_teleop/examples/example.cpp

  Tried extensions .c .C .c++ .cc .cpp .cxx .m .M .mm .h .hh .h++ .hm .hpp
  .hxx .in .txx
[36mCall Stack (most recent call first):[0m
  CMakeLists.txt:29 (rosbuild_add_executable)


[31m[1mCMake Error[0m at /opt/ros/kinetic/share/ros/core/rosbuild/private.cmake:317 (add_library):
  Cannot find source file:

    /home/romain/catkin_ws/src/keyboard_teleop/src/example.cpp

  Tried extensions .c .C .c++ .cc .cpp .cxx .m .M .mm .h .hh .h++ .hm .hpp
  .hxx .in .txx
[36mCall Stack (most recent call first):[0m
  /opt/ros/kinetic/share/ros/core/rosbuild/public.cmake:571 (_rosbuild_add_library)
  CMakeLists.txt:25 (rosbuild_add_library)


CMake Error: CMake can not determine linker language for target: example
CMake Error: Cannot determine link language for target "example".
CMake Error: CMake can not determine linker language for target: keyboard_teleop
CMake Error: Cannot determine link language for target "keyboard_teleop".
make: *** [cmake_check_build_system] Erreur 1
