Not searching for unused variables given on the command line.
[rosbuild] Building package keyboard_teleop
[rosbuild] Cached build flags older than manifests; calling rospack to get flags
[36m--[0m Using CATKIN_DEVEL_PREFIX: /home/romain/catkin_ws/devel/.private/teleop_keyboard
[36m--[0m Using CMAKE_PREFIX_PATH: /home/romain/catkin_ws/devel;/opt/ros/kinetic
[36m--[0m This workspace overlays: /home/romain/catkin_ws/devel;/opt/ros/kinetic
[36m--[0m Using PYTHON_EXECUTABLE: /usr/bin/python
[36m--[0m Using Debian Python package layout
[36m--[0m Using empy: /usr/bin/empy
[36m--[0m Using CATKIN_ENABLE_TESTING: ON
[36m--[0m Skip enable_testing() for dry packages
[36m--[0m Using CATKIN_TEST_RESULTS_DIR: /home/romain/catkin_ws/build/teleop_keyboard/test_results
[36m--[0m Looking for pthread.h
[36m--[0m Looking for pthread.h - found
[36m--[0m Looking for pthread_create
[36m--[0m Looking for pthread_create - not found
[36m--[0m Looking for pthread_create in pthreads
[36m--[0m Looking for pthread_create in pthreads - not found
[36m--[0m Looking for pthread_create in pthread
[36m--[0m Looking for pthread_create in pthread - found
[36m--[0m Found Threads: TRUE
[36m--[0m Found gtest sources under '/usr/src/gtest': gtests will be built
[36m--[0m Using Python nosetests: /usr/bin/nosetests-2.7
[36m--[0m catkin 0.7.4
[rosbuild] using multiarch 'x86_64-linux-gnu' for finding Boost
[36m--[0m Using these message generators: gencpp;geneus;genlisp;gennodejs;genpy
[rosbuild] Including /opt/ros/kinetic/share/roslisp/rosbuild/roslisp.cmake
[rosbuild] Including /opt/ros/kinetic/share/roscpp/rosbuild/roscpp.cmake
[rosbuild] Including /opt/ros/kinetic/share/rospy/rosbuild/rospy.cmake
[36m--[0m Configuring done
[36m--[0m Generating done
[36m--[0m Build files have been written to: /home/romain/catkin_ws/build/teleop_keyboard
