Not searching for unused variables given on the command line.
[36m--[0m The C compiler identification is GNU 5.4.0
[36m--[0m The CXX compiler identification is GNU 5.4.0
[36m--[0m Check for working C compiler: /usr/bin/cc
[36m--[0m Check for working C compiler: /usr/bin/cc -- works
[36m--[0m Detecting C compiler ABI info
[36m--[0m Detecting C compiler ABI info - done
[36m--[0m Detecting C compile features
[36m--[0m Detecting C compile features - done
[36m--[0m Check for working CXX compiler: /usr/bin/c++
[36m--[0m Check for working CXX compiler: /usr/bin/c++ -- works
[36m--[0m Detecting CXX compiler ABI info
[36m--[0m Detecting CXX compiler ABI info - done
[36m--[0m Detecting CXX compile features
[36m--[0m Detecting CXX compile features - done
[36m--[0m Found PythonInterp: /usr/bin/python (found version "2.7.12")
[rosbuild] Building package keyboard_teleop
[rosbuild] Error from syntax check of keyboard_teleop/manifest.xml
Traceback (most recent call last):
  File "<string>", line 1, in <module>
  File "/opt/ros/kinetic/lib/python2.7/dist-packages/roslib/manifest.py", line 139, in parse_file
    return roslib.manifestlib.parse_file(Manifest(), file)
  File "/opt/ros/kinetic/lib/python2.7/dist-packages/roslib/manifestlib.py", line 497, in parse_file
    raise ValueError("Invalid/non-existent manifest file: %s"%file)
ValueError: Invalid/non-existent manifest file: manifest.xml
[31m[1mCMake Error[0m at /opt/ros/kinetic/share/ros/core/rosbuild/private.cmake:78 (message):
  [rosbuild] Syntax check of keyboard_teleop/manifest.xml failed; aborting
[36mCall Stack (most recent call first):[0m
  /opt/ros/kinetic/share/ros/core/rosbuild/public.cmake:174 (_rosbuild_check_manifest)
  CMakeLists.txt:12 (rosbuild_init)


[36m--[0m Configuring incomplete, errors occurred!
See also "/home/romain/catkin_ws/build/teleop_keyboard/CMakeFiles/CMakeOutput.log".
