Determining if the pthread_create exist failed with the following output:
Change Dir: /home/romain/catkin_ws/build/vrep_common/CMakeFiles/CMakeTmp

Run Build Command:"/usr/bin/make" "cmTC_90c2f/fast"
/usr/bin/make -f CMakeFiles/cmTC_90c2f.dir/build.make CMakeFiles/cmTC_90c2f.dir/build
make[1] : on entre dans le répertoire « /home/romain/catkin_ws/build/vrep_common/CMakeFiles/CMakeTmp »
Building C object CMakeFiles/cmTC_90c2f.dir/CheckSymbolExists.c.o
/usr/bin/cc     -o CMakeFiles/cmTC_90c2f.dir/CheckSymbolExists.c.o   -c /home/romain/catkin_ws/build/vrep_common/CMakeFiles/CMakeTmp/CheckSymbolExists.c
Linking C executable cmTC_90c2f
/usr/bin/cmake -E cmake_link_script CMakeFiles/cmTC_90c2f.dir/link.txt --verbose=1
/usr/bin/cc       CMakeFiles/cmTC_90c2f.dir/CheckSymbolExists.c.o  -o cmTC_90c2f -rdynamic 
CMakeFiles/cmTC_90c2f.dir/CheckSymbolExists.c.o : Dans la fonction « main » :
CheckSymbolExists.c:(.text+0x16) : référence indéfinie vers « pthread_create »
collect2: error: ld returned 1 exit status
CMakeFiles/cmTC_90c2f.dir/build.make:97 : la recette pour la cible « cmTC_90c2f » a échouée
make[1]: *** [cmTC_90c2f] Erreur 1
make[1] : on quitte le répertoire « /home/romain/catkin_ws/build/vrep_common/CMakeFiles/CMakeTmp »
Makefile:126 : la recette pour la cible « cmTC_90c2f/fast » a échouée
make: *** [cmTC_90c2f/fast] Erreur 2

File /home/romain/catkin_ws/build/vrep_common/CMakeFiles/CMakeTmp/CheckSymbolExists.c:
/* */
#include <pthread.h>

int main(int argc, char** argv)
{
  (void)argv;
#ifndef pthread_create
  return ((int*)(&pthread_create))[argc];
#else
  (void)argc;
  return 0;
#endif
}

Determining if the function pthread_create exists in the pthreads failed with the following output:
Change Dir: /home/romain/catkin_ws/build/vrep_common/CMakeFiles/CMakeTmp

Run Build Command:"/usr/bin/make" "cmTC_c4ce4/fast"
/usr/bin/make -f CMakeFiles/cmTC_c4ce4.dir/build.make CMakeFiles/cmTC_c4ce4.dir/build
make[1] : on entre dans le répertoire « /home/romain/catkin_ws/build/vrep_common/CMakeFiles/CMakeTmp »
Building C object CMakeFiles/cmTC_c4ce4.dir/CheckFunctionExists.c.o
/usr/bin/cc    -DCHECK_FUNCTION_EXISTS=pthread_create   -o CMakeFiles/cmTC_c4ce4.dir/CheckFunctionExists.c.o   -c /usr/share/cmake-3.5/Modules/CheckFunctionExists.c
Linking C executable cmTC_c4ce4
/usr/bin/cmake -E cmake_link_script CMakeFiles/cmTC_c4ce4.dir/link.txt --verbose=1
/usr/bin/cc   -DCHECK_FUNCTION_EXISTS=pthread_create    CMakeFiles/cmTC_c4ce4.dir/CheckFunctionExists.c.o  -o cmTC_c4ce4 -rdynamic -lpthreads 
/usr/bin/ld : ne peut trouver -lpthreads
collect2: error: ld returned 1 exit status
CMakeFiles/cmTC_c4ce4.dir/build.make:97 : la recette pour la cible « cmTC_c4ce4 » a échouée
make[1]: *** [cmTC_c4ce4] Erreur 1
make[1] : on quitte le répertoire « /home/romain/catkin_ws/build/vrep_common/CMakeFiles/CMakeTmp »
Makefile:126 : la recette pour la cible « cmTC_c4ce4/fast » a échouée
make: *** [cmTC_c4ce4/fast] Erreur 2


