[01m[K/home/romain/catkin_ws/src/collision_avoidance/src/coll_avoid.cpp:10:38:[m[K [01;31m[Kerror: [m[K‘[01m[KJoy[m[K’ in namespace ‘[01m[Ksensor_msgs[m[K’ does not name a type
  void pc_callback(const sensor_msgs::Joy::ConstPtr& joy);
[01;32m[K                                      ^[m[K
[01m[K/home/romain/catkin_ws/src/collision_avoidance/src/coll_avoid.cpp:10:51:[m[K [01;31m[Kerror: [m[Kexpected unqualified-id before ‘[01m[K&[m[K’ token
  void pc_callback(const sensor_msgs::Joy::ConstPtr& joy);
[01;32m[K                                                   ^[m[K
[01m[K/home/romain/catkin_ws/src/collision_avoidance/src/coll_avoid.cpp:10:51:[m[K [01;31m[Kerror: [m[Kexpected ‘[01m[K)[m[K’ before ‘[01m[K&[m[K’ token
[01m[K/home/romain/catkin_ws/src/collision_avoidance/src/coll_avoid.cpp:10:43:[m[K [01;31m[Kerror: [m[Kexpected ‘[01m[K;[m[K’ at end of member declaration
  void pc_callback(const sensor_msgs::Joy::ConstPtr& joy);
[01;32m[K                                           ^[m[K
[01m[K/home/romain/catkin_ws/src/collision_avoidance/src/coll_avoid.cpp:10:53:[m[K [01;31m[Kerror: [m[KISO C++ forbids declaration of ‘[01m[Kjoy[m[K’ with no type [-fpermissive]
  void pc_callback(const sensor_msgs::Joy::ConstPtr& joy);
[01;32m[K                                                     ^[m[K
[01m[K/home/romain/catkin_ws/src/collision_avoidance/src/coll_avoid.cpp:10:53:[m[K [01;31m[Kerror: [m[Kexpected ‘[01m[K;[m[K’ at end of member declaration
[01m[K/home/romain/catkin_ws/src/collision_avoidance/src/coll_avoid.cpp:10:56:[m[K [01;31m[Kerror: [m[Kexpected unqualified-id before ‘[01m[K)[m[K’ token
  void pc_callback(const sensor_msgs::Joy::ConstPtr& joy);
[01;32m[K                                                        ^[m[K
[01m[K/home/romain/catkin_ws/src/collision_avoidance/src/coll_avoid.cpp:[m[K In constructor ‘[01m[Kcoll_avoid::coll_avoid()[m[K’:
[01m[K/home/romain/catkin_ws/src/collision_avoidance/src/coll_avoid.cpp:20:1:[m[K [01;31m[Kerror: [m[Kuninitialized reference member in ‘[01m[Kint&[m[K’ [-fpermissive]
 coll_avoid::coll_avoid() {
[01;32m[K ^[m[K
[01m[K/home/romain/catkin_ws/src/collision_avoidance/src/coll_avoid.cpp:10:53:[m[K [01;36m[Knote: [m[K‘[01m[Kint& coll_avoid::joy[m[K’ should be initialized
  void pc_callback(const sensor_msgs::Joy::ConstPtr& joy);
[01;32m[K                                                     ^[m[K
[01m[K/home/romain/catkin_ws/src/collision_avoidance/src/coll_avoid.cpp:21:25:[m[K [01;31m[Kerror: [m[K‘[01m[Ktreshhold[m[K’ was not declared in this scope
  nh_.param("treshhold", treshhold, treshhold);
[01;32m[K                         ^[m[K
[01m[K/home/romain/catkin_ws/src/collision_avoidance/src/coll_avoid.cpp:24:26:[m[K [01;31m[Kerror: [m[K‘[01m[Kgeometry_msgs[m[K’ was not declared in this scope
  vel_pub = nh_.advertise<geometry_msgs::Twist>("/vrep/twistCommand", 1);
[01;32m[K                          ^[m[K
[01m[K/home/romain/catkin_ws/src/collision_avoidance/src/coll_avoid.cpp:24:16:[m[K [01;31m[Kerror: [m[Kparse error in template argument list
  vel_pub = nh_.advertise<geometry_msgs::Twist>("/vrep/twistCommand", 1);
[01;32m[K                ^[m[K
[01m[K/home/romain/catkin_ws/src/collision_avoidance/src/coll_avoid.cpp:24:71:[m[K [01;31m[Kerror: [m[Kno matching function for call to ‘[01m[Kros::NodeHandle::advertise(const char [19], int)[m[K’
  vel_pub = nh_.advertise<geometry_msgs::Twist>("/vrep/twistCommand", 1);
[01;32m[K                                                                       ^[m[K
In file included from [01m[K/opt/ros/kinetic/include/ros/ros.h:45:0[m[K,
                 from [01m[K/opt/ros/kinetic/include/pcl_ros/point_cloud.h:4[m[K,
                 from [01m[K/home/romain/catkin_ws/src/collision_avoidance/src/coll_avoid.cpp:1[m[K:
[01m[K/opt/ros/kinetic/include/ros/node_handle.h:248:15:[m[K [01;36m[Knote: [m[Kcandidate: template<class M> ros::Publisher ros::NodeHandle::advertise(const string&, uint32_t, bool)
     Publisher advertise(const std::string& topic, uint32_t queue_size, bool latch = false)
[01;32m[K               ^[m[K
[01m[K/opt/ros/kinetic/include/ros/node_handle.h:248:15:[m[K [01;36m[Knote: [m[K  template argument deduction/substitution failed:
[01m[K/home/romain/catkin_ws/src/collision_avoidance/src/coll_avoid.cpp:24:71:[m[K [01;31m[Kerror: [m[Ktemplate argument 1 is invalid
  vel_pub = nh_.advertise<geometry_msgs::Twist>("/vrep/twistCommand", 1);
[01;32m[K                                                                       ^[m[K
In file included from [01m[K/opt/ros/kinetic/include/ros/ros.h:45:0[m[K,
                 from [01m[K/opt/ros/kinetic/include/pcl_ros/point_cloud.h:4[m[K,
                 from [01m[K/home/romain/catkin_ws/src/collision_avoidance/src/coll_avoid.cpp:1[m[K:
[01m[K/opt/ros/kinetic/include/ros/node_handle.h:314:13:[m[K [01;36m[Knote: [m[Kcandidate: template<class M> ros::Publisher ros::NodeHandle::advertise(const string&, uint32_t, const SubscriberStatusCallback&, const SubscriberStatusCallback&, const VoidConstPtr&, bool)
   Publisher advertise(const std::string& topic, uint32_t queue_size,
[01;32m[K             ^[m[K
[01m[K/opt/ros/kinetic/include/ros/node_handle.h:314:13:[m[K [01;36m[Knote: [m[K  template argument deduction/substitution failed:
[01m[K/home/romain/catkin_ws/src/collision_avoidance/src/coll_avoid.cpp:24:71:[m[K [01;31m[Kerror: [m[Ktemplate argument 1 is invalid
  vel_pub = nh_.advertise<geometry_msgs::Twist>("/vrep/twistCommand", 1);
[01;32m[K                                                                       ^[m[K
[01m[K/home/romain/catkin_ws/src/collision_avoidance/src/coll_avoid.cpp:26:28:[m[K [01;31m[Kerror: [m[K‘[01m[KJoy[m[K’ is not a member of ‘[01m[Ksensor_msgs[m[K’
  speed_sub = nh_.subscribe<sensor_msgs::Joy>("treated_speed", 10, &TeleopTurtle::joyCallback, this);
[01;32m[K                            ^[m[K
[01m[K/home/romain/catkin_ws/src/collision_avoidance/src/coll_avoid.cpp:26:28:[m[K [01;31m[Kerror: [m[K‘[01m[KJoy[m[K’ is not a member of ‘[01m[Ksensor_msgs[m[K’
[01m[K/home/romain/catkin_ws/src/collision_avoidance/src/coll_avoid.cpp:26:68:[m[K [01;31m[Kerror: [m[K‘[01m[KTeleopTurtle[m[K’ has not been declared
  speed_sub = nh_.subscribe<sensor_msgs::Joy>("treated_speed", 10, &TeleopTurtle::joyCallback, this);
[01;32m[K                                                                    ^[m[K
[01m[K/home/romain/catkin_ws/src/collision_avoidance/src/coll_avoid.cpp:27:31:[m[K [01;31m[Kerror: [m[K‘[01m[KJoy[m[K’ is not a member of ‘[01m[Ksensor_msgs[m[K’
  distance_sub = nh_.subscribe<sensor_msgs::Joy>("vision_robot", 10, &TeleopTurtle::pc_callback, this);
[01;32m[K                               ^[m[K
[01m[K/home/romain/catkin_ws/src/collision_avoidance/src/coll_avoid.cpp:27:31:[m[K [01;31m[Kerror: [m[K‘[01m[KJoy[m[K’ is not a member of ‘[01m[Ksensor_msgs[m[K’
[01m[K/home/romain/catkin_ws/src/collision_avoidance/src/coll_avoid.cpp:27:70:[m[K [01;31m[Kerror: [m[K‘[01m[KTeleopTurtle[m[K’ has not been declared
  distance_sub = nh_.subscribe<sensor_msgs::Joy>("vision_robot", 10, &TeleopTurtle::pc_callback, this);
[01;32m[K                                                                      ^[m[K
[01m[K/home/romain/catkin_ws/src/collision_avoidance/src/coll_avoid.cpp:[m[K At global scope:
[01m[K/home/romain/catkin_ws/src/collision_avoidance/src/coll_avoid.cpp:30:6:[m[K [01;31m[Kerror: [m[K‘[01m[KTeleopTurtle[m[K’ has not been declared
 void TeleopTurtle::joyCallback(const sensor_msgs::Joy::ConstPtr& joy) {
[01;32m[K      ^[m[K
[01m[K/home/romain/catkin_ws/src/collision_avoidance/src/coll_avoid.cpp:30:51:[m[K [01;31m[Kerror: [m[K‘[01m[KJoy[m[K’ in namespace ‘[01m[Ksensor_msgs[m[K’ does not name a type
 void TeleopTurtle::joyCallback(const sensor_msgs::Joy::ConstPtr& joy) {
[01;32m[K                                                   ^[m[K
[01m[K/home/romain/catkin_ws/src/collision_avoidance/src/coll_avoid.cpp:30:64:[m[K [01;31m[Kerror: [m[Kexpected unqualified-id before ‘[01m[K&[m[K’ token
 void TeleopTurtle::joyCallback(const sensor_msgs::Joy::ConstPtr& joy) {
[01;32m[K                                                                ^[m[K
[01m[K/home/romain/catkin_ws/src/collision_avoidance/src/coll_avoid.cpp:30:64:[m[K [01;31m[Kerror: [m[Kexpected ‘[01m[K)[m[K’ before ‘[01m[K&[m[K’ token
[01m[K/home/romain/catkin_ws/src/collision_avoidance/src/coll_avoid.cpp:30:66:[m[K [01;31m[Kerror: [m[Kexpected initializer before ‘[01m[Kjoy[m[K’
 void TeleopTurtle::joyCallback(const sensor_msgs::Joy::ConstPtr& joy) {
[01;32m[K                                                                  ^[m[K
[01m[K/home/romain/catkin_ws/src/collision_avoidance/src/coll_avoid.cpp:38:6:[m[K [01;31m[Kerror: [m[Kprototype for ‘[01m[Kvoid coll_avoid::pc_callback(sensor_msgs::PointCloud2ConstPtr)[m[K’ does not match any in class ‘[01m[Kcoll_avoid[m[K’
 void coll_avoid::pc_callback(const sensor_msgs::PointCloud2ConstPtr msg) {
[01;32m[K      ^[m[K
[01m[K/home/romain/catkin_ws/src/collision_avoidance/src/coll_avoid.cpp:10:7:[m[K [01;31m[Kerror: [m[Kcandidate is: void coll_avoid::pc_callback(...)
  void pc_callback(const sensor_msgs::Joy::ConstPtr& joy);
[01;32m[K       ^[m[K
[01m[K/home/romain/catkin_ws/src/collision_avoidance/src/coll_avoid.cpp:[m[K In function ‘[01m[Kint main()[m[K’:
[01m[K/home/romain/catkin_ws/src/collision_avoidance/src/coll_avoid.cpp:47:12:[m[K [01;31m[Kerror: [m[K‘[01m[Kargc[m[K’ was not declared in this scope
  ros::init(argc, argv, "joystick_teleop");
[01;32m[K            ^[m[K
[01m[K/home/romain/catkin_ws/src/collision_avoidance/src/coll_avoid.cpp:47:18:[m[K [01;31m[Kerror: [m[K‘[01m[Kargv[m[K’ was not declared in this scope
  ros::init(argc, argv, "joystick_teleop");
[01;32m[K                  ^[m[K
make[2]: *** [CMakeFiles/collision_avoidance.dir/src/coll_avoid.cpp.o] Erreur 1
make[1]: *** [CMakeFiles/collision_avoidance.dir/all] Erreur 2
make: *** [all] Erreur 2
