[01m[K/home/romain/catkin_ws/src/collision_avoidance/src/coll_avoid.cpp:[m[K In member function ‘[01m[Kvoid coll_avoid::pc_callback(sensor_msgs::PointCloud2ConstPtr)[m[K’:
[01m[K/home/romain/catkin_ws/src/collision_avoidance/src/coll_avoid.cpp:45:21:[m[K [01;31m[Kerror: [m[K‘[01m[Kmin[m[K’ was not declared in this scope
   m = min(m, pc[i].x);
[01;32m[K                     ^[m[K
[01m[K/home/romain/catkin_ws/src/collision_avoidance/src/coll_avoid.cpp:45:21:[m[K [01;36m[Knote: [m[Ksuggested alternatives:
In file included from [01m[K/usr/include/c++/5/bits/char_traits.h:39:0[m[K,
                 from [01m[K/usr/include/c++/5/string:40[m[K,
                 from [01m[K/opt/ros/kinetic/include/ros/platform.h:55[m[K,
                 from [01m[K/opt/ros/kinetic/include/ros/time.h:53[m[K,
                 from [01m[K/opt/ros/kinetic/include/ros/ros.h:38[m[K,
                 from [01m[K/home/romain/catkin_ws/src/collision_avoidance/src/coll_avoid.cpp:1[m[K:
[01m[K/usr/include/c++/5/bits/stl_algobase.h:243:5:[m[K [01;36m[Knote: [m[K  ‘[01m[Kstd::min[m[K’
     min(const _Tp& __a, const _Tp& __b, _Compare __comp)
[01;32m[K     ^[m[K
In file included from [01m[K/usr/include/boost/mpl/pair_view.hpp:24:0[m[K,
                 from [01m[K/usr/include/boost/mpl/transform.hpp:20[m[K,
                 from [01m[K/usr/include/pcl-1.7/pcl/io/boost.h:63[m[K,
                 from [01m[K/usr/include/pcl-1.7/pcl/io/file_io.h:43[m[K,
                 from [01m[K/usr/include/pcl-1.7/pcl/io/pcd_io.h:44[m[K,
                 from [01m[K/opt/ros/kinetic/include/pcl_conversions/pcl_conversions.h:70[m[K,
                 from [01m[K/opt/ros/kinetic/include/pcl_ros/point_cloud.h:9[m[K,
                 from [01m[K/home/romain/catkin_ws/src/collision_avoidance/src/coll_avoid.cpp:4[m[K:
[01m[K/usr/include/boost/mpl/min_max.hpp:27:8:[m[K [01;36m[Knote: [m[K  ‘[01m[Kboost::mpl::min[m[K’
 struct min
[01;32m[K        ^[m[K
make[2]: *** [CMakeFiles/collision_avoidance.dir/src/coll_avoid.cpp.o] Erreur 1
make[1]: *** [CMakeFiles/collision_avoidance.dir/all] Erreur 2
make: *** [all] Erreur 2
