[01m[K/home/romain/catkin_ws/src/collision_avoidance/src/coll_avoid.cpp:8:3:[m[K [01;31m[Kerror: [m[Kstray ‘[01m[K\342[m[K’ in program
   printf(“x %f y %f z %f\n”,pc[i].x,pc[i].y,pc[i].z);
[01;32m[K   ^[m[K
[01m[K/home/romain/catkin_ws/src/collision_avoidance/src/coll_avoid.cpp:8:3:[m[K [01;31m[Kerror: [m[Kstray ‘[01m[K\200[m[K’ in program
[01m[K/home/romain/catkin_ws/src/collision_avoidance/src/coll_avoid.cpp:8:3:[m[K [01;31m[Kerror: [m[Kstray ‘[01m[K\234[m[K’ in program
[01m[K/home/romain/catkin_ws/src/collision_avoidance/src/coll_avoid.cpp:8:3:[m[K [01;31m[Kerror: [m[Kstray ‘[01m[K\[m[K’ in program
[01m[K/home/romain/catkin_ws/src/collision_avoidance/src/coll_avoid.cpp:8:3:[m[K [01;31m[Kerror: [m[Kstray ‘[01m[K\342[m[K’ in program
[01m[K/home/romain/catkin_ws/src/collision_avoidance/src/coll_avoid.cpp:8:3:[m[K [01;31m[Kerror: [m[Kstray ‘[01m[K\200[m[K’ in program
[01m[K/home/romain/catkin_ws/src/collision_avoidance/src/coll_avoid.cpp:8:3:[m[K [01;31m[Kerror: [m[Kstray ‘[01m[K\235[m[K’ in program
[01m[K/home/romain/catkin_ws/src/collision_avoidance/src/coll_avoid.cpp:[m[K In function ‘[01m[Kvoid pc_callback(sensor_msgs::PointCloud2ConstPtr)[m[K’:
[01m[K/home/romain/catkin_ws/src/collision_avoidance/src/coll_avoid.cpp:7:7:[m[K [01;31m[Kerror: [m[K‘[01m[Ki[m[K’ was not declared in this scope
  for (i=0;i<pc.size();i++) {
[01;32m[K       ^[m[K
[01m[K/home/romain/catkin_ws/src/collision_avoidance/src/coll_avoid.cpp:8:13:[m[K [01;31m[Kerror: [m[K‘[01m[Kx[m[K’ was not declared in this scope
   printf(“x %f y %f z %f\n”,pc[i].x,pc[i].y,pc[i].z);
[01;32m[K             ^[m[K
[01m[K/home/romain/catkin_ws/src/collision_avoidance/src/coll_avoid.cpp:8:13:[m[K [01;36m[Knote: [m[Ksuggested alternative:
In file included from [01m[K/usr/include/boost/preprocessor/arithmetic/add.hpp:21:0[m[K,
                 from [01m[K/usr/include/boost/mpl/aux_/preprocessor/def_params_tail.hpp:66[m[K,
                 from [01m[K/usr/include/boost/mpl/aux_/na_spec.hpp:28[m[K,
                 from [01m[K/usr/include/boost/mpl/next_prior.hpp:18[m[K,
                 from [01m[K/usr/include/boost/mpl/next.hpp:17[m[K,
                 from [01m[K/usr/include/boost/mpl/list/aux_/push_front.hpp:18[m[K,
                 from [01m[K/usr/include/boost/mpl/list/list0.hpp:19[m[K,
                 from [01m[K/usr/include/boost/mpl/list/list10.hpp:18[m[K,
                 from [01m[K/usr/include/boost/mpl/list/list20.hpp:18[m[K,
                 from [01m[K/usr/include/boost/mpl/list.hpp:36[m[K,
                 from [01m[K/usr/include/boost/math/policies/policy.hpp:9[m[K,
                 from [01m[K/usr/include/boost/math/policies/error_handling.hpp:19[m[K,
                 from [01m[K/usr/include/boost/math/special_functions/round.hpp:14[m[K,
                 from [01m[K/opt/ros/kinetic/include/ros/time.h:58[m[K,
                 from [01m[K/opt/ros/kinetic/include/ros/ros.h:38[m[K,
                 from [01m[K/opt/ros/kinetic/include/pcl_ros/point_cloud.h:4[m[K,
                 from [01m[K/home/romain/catkin_ws/src/collision_avoidance/src/coll_avoid.cpp:1[m[K:
[01m[K/usr/include/pcl-1.7/pcl/point_types.h:345:1:[m[K [01;36m[Knote: [m[K  ‘[01m[Kpcl::fields::x[m[K’
 POINT_CLOUD_REGISTER_POINT_STRUCT (pcl::_PointXYZ,
[01;32m[K ^[m[K
[01m[K/home/romain/catkin_ws/src/collision_avoidance/src/coll_avoid.cpp:8:16:[m[K [01;31m[Kerror: [m[K‘[01m[Kf[m[K’ was not declared in this scope
   printf(“x %f y %f z %f\n”,pc[i].x,pc[i].y,pc[i].z);
[01;32m[K                ^[m[K
make[2]: *** [CMakeFiles/collision_avoidance.dir/src/coll_avoid.cpp.o] Erreur 1
make[1]: *** [CMakeFiles/collision_avoidance.dir/all] Erreur 2
make: *** [all] Erreur 2
