[01m[K/home/romain/catkin_ws/src/collision_avoidance/src/coll_avoid.cpp:[m[K In member function ‘[01m[Kvoid coll_avoid::pc_callback(sensor_msgs::PointCloud2ConstPtr)[m[K’:
[01m[K/home/romain/catkin_ws/src/collision_avoidance/src/coll_avoid.cpp:47:156:[m[K [01;31m[Kerror: [m[Kno matching function for call to ‘[01m[Kmax(geometry_msgs::Vector3_<std::allocator<void> >::_x_type, int)[m[K’
  command_twist.linear.x = std::min(std::max(command_twist.linear.x / (treshold_up - treshold_bottom) - treshold_bottom / (treshold_up - treshold_bottom), 0), 1);
[01;32m[K                                                                                                                                                            ^[m[K
In file included from [01m[K/usr/include/c++/5/bits/char_traits.h:39:0[m[K,
                 from [01m[K/usr/include/c++/5/string:40[m[K,
                 from [01m[K/opt/ros/kinetic/include/ros/platform.h:55[m[K,
                 from [01m[K/opt/ros/kinetic/include/ros/time.h:53[m[K,
                 from [01m[K/opt/ros/kinetic/include/ros/ros.h:38[m[K,
                 from [01m[K/home/romain/catkin_ws/src/collision_avoidance/src/coll_avoid.cpp:1[m[K:
[01m[K/usr/include/c++/5/bits/stl_algobase.h:219:5:[m[K [01;36m[Knote: [m[Kcandidate: template<class _Tp> const _Tp& std::max(const _Tp&, const _Tp&)
     max(const _Tp& __a, const _Tp& __b)
[01;32m[K     ^[m[K
[01m[K/usr/include/c++/5/bits/stl_algobase.h:219:5:[m[K [01;36m[Knote: [m[K  template argument deduction/substitution failed:
[01m[K/home/romain/catkin_ws/src/collision_avoidance/src/coll_avoid.cpp:47:156:[m[K [01;36m[Knote: [m[K  deduced conflicting types for parameter ‘[01m[Kconst _Tp[m[K’ (‘[01m[Kdouble[m[K’ and ‘[01m[Kint[m[K’)
  command_twist.linear.x = std::min(std::max(command_twist.linear.x / (treshold_up - treshold_bottom) - treshold_bottom / (treshold_up - treshold_bottom), 0), 1);
[01;32m[K                                                                                                                                                            ^[m[K
In file included from [01m[K/usr/include/c++/5/bits/char_traits.h:39:0[m[K,
                 from [01m[K/usr/include/c++/5/string:40[m[K,
                 from [01m[K/opt/ros/kinetic/include/ros/platform.h:55[m[K,
                 from [01m[K/opt/ros/kinetic/include/ros/time.h:53[m[K,
                 from [01m[K/opt/ros/kinetic/include/ros/ros.h:38[m[K,
                 from [01m[K/home/romain/catkin_ws/src/collision_avoidance/src/coll_avoid.cpp:1[m[K:
[01m[K/usr/include/c++/5/bits/stl_algobase.h:265:5:[m[K [01;36m[Knote: [m[Kcandidate: template<class _Tp, class _Compare> const _Tp& std::max(const _Tp&, const _Tp&, _Compare)
     max(const _Tp& __a, const _Tp& __b, _Compare __comp)
[01;32m[K     ^[m[K
[01m[K/usr/include/c++/5/bits/stl_algobase.h:265:5:[m[K [01;36m[Knote: [m[K  template argument deduction/substitution failed:
[01m[K/home/romain/catkin_ws/src/collision_avoidance/src/coll_avoid.cpp:47:156:[m[K [01;36m[Knote: [m[K  deduced conflicting types for parameter ‘[01m[Kconst _Tp[m[K’ (‘[01m[Kdouble[m[K’ and ‘[01m[Kint[m[K’)
  command_twist.linear.x = std::min(std::max(command_twist.linear.x / (treshold_up - treshold_bottom) - treshold_bottom / (treshold_up - treshold_bottom), 0), 1);
[01;32m[K                                                                                                                                                            ^[m[K
make[2]: *** [CMakeFiles/collision_avoidance.dir/src/coll_avoid.cpp.o] Erreur 1
make[1]: *** [CMakeFiles/collision_avoidance.dir/all] Erreur 2
make: *** [all] Erreur 2
