[01m[K/home/romain/catkin_ws/src/collision_avoidance/src/coll_avoid.cpp:[m[K In constructor ‘[01m[Kcoll_avoid::coll_avoid()[m[K’:
[01m[K/home/romain/catkin_ws/src/collision_avoidance/src/coll_avoid.cpp:24:25:[m[K [01;31m[Kerror: [m[K‘[01m[Ktreshhold[m[K’ was not declared in this scope
  nh_.param("treshhold", treshhold, treshhold);
[01;32m[K                         ^[m[K
[01m[K/home/romain/catkin_ws/src/collision_avoidance/src/coll_avoid.cpp:29:68:[m[K [01;31m[Kerror: [m[K‘[01m[KTeleopTurtle[m[K’ has not been declared
  speed_sub = nh_.subscribe<sensor_msgs::Joy>("treated_speed", 10, &TeleopTurtle::joyCallback, this);
[01;32m[K                                                                    ^[m[K
[01m[K/home/romain/catkin_ws/src/collision_avoidance/src/coll_avoid.cpp:30:70:[m[K [01;31m[Kerror: [m[K‘[01m[KTeleopTurtle[m[K’ has not been declared
  distance_sub = nh_.subscribe<sensor_msgs::Joy>("vision_robot", 10, &TeleopTurtle::pc_callback, this);
[01;32m[K                                                                      ^[m[K
[01m[K/home/romain/catkin_ws/src/collision_avoidance/src/coll_avoid.cpp:[m[K At global scope:
[01m[K/home/romain/catkin_ws/src/collision_avoidance/src/coll_avoid.cpp:33:6:[m[K [01;31m[Kerror: [m[K‘[01m[KTeleopTurtle[m[K’ has not been declared
 void TeleopTurtle::joyCallback(const sensor_msgs::Joy::ConstPtr& joy) {
[01;32m[K      ^[m[K
[01m[K/home/romain/catkin_ws/src/collision_avoidance/src/coll_avoid.cpp:[m[K In function ‘[01m[Kvoid joyCallback(const ConstPtr&)[m[K’:
[01m[K/home/romain/catkin_ws/src/collision_avoidance/src/coll_avoid.cpp:35:20:[m[K [01;31m[Kerror: [m[K‘[01m[Ka_scale_[m[K’ was not declared in this scope
  twist.angular.z = a_scale_*joy->axes[angular_];
[01;32m[K                    ^[m[K
[01m[K/home/romain/catkin_ws/src/collision_avoidance/src/coll_avoid.cpp:35:39:[m[K [01;31m[Kerror: [m[K‘[01m[Kangular_[m[K’ was not declared in this scope
  twist.angular.z = a_scale_*joy->axes[angular_];
[01;32m[K                                       ^[m[K
[01m[K/home/romain/catkin_ws/src/collision_avoidance/src/coll_avoid.cpp:36:19:[m[K [01;31m[Kerror: [m[K‘[01m[Kl_scale_[m[K’ was not declared in this scope
  twist.linear.x = l_scale_*joy->axes[linear_]; 
[01;32m[K                   ^[m[K
[01m[K/home/romain/catkin_ws/src/collision_avoidance/src/coll_avoid.cpp:36:38:[m[K [01;31m[Kerror: [m[K‘[01m[Klinear_[m[K’ was not declared in this scope
  twist.linear.x = l_scale_*joy->axes[linear_]; 
[01;32m[K                                      ^[m[K
[01m[K/home/romain/catkin_ws/src/collision_avoidance/src/coll_avoid.cpp:37:2:[m[K [01;31m[Kerror: [m[K‘[01m[Kvel_pub[m[K’ was not declared in this scope
  vel_pub.publish(twist);
[01;32m[K  ^[m[K
[01m[K/home/romain/catkin_ws/src/collision_avoidance/src/coll_avoid.cpp:[m[K At global scope:
[01m[K/home/romain/catkin_ws/src/collision_avoidance/src/coll_avoid.cpp:41:6:[m[K [01;31m[Kerror: [m[Kprototype for ‘[01m[Kvoid coll_avoid::pc_callback(sensor_msgs::PointCloud2ConstPtr)[m[K’ does not match any in class ‘[01m[Kcoll_avoid[m[K’
 void coll_avoid::pc_callback(const sensor_msgs::PointCloud2ConstPtr msg) {
[01;32m[K      ^[m[K
[01m[K/home/romain/catkin_ws/src/collision_avoidance/src/coll_avoid.cpp:13:7:[m[K [01;31m[Kerror: [m[Kcandidate is: void coll_avoid::pc_callback(const ConstPtr&)
  void pc_callback(const sensor_msgs::Joy::ConstPtr& joy);
[01;32m[K       ^[m[K
[01m[K/home/romain/catkin_ws/src/collision_avoidance/src/coll_avoid.cpp:[m[K In function ‘[01m[Kint main()[m[K’:
[01m[K/home/romain/catkin_ws/src/collision_avoidance/src/coll_avoid.cpp:50:12:[m[K [01;31m[Kerror: [m[K‘[01m[Kargc[m[K’ was not declared in this scope
  ros::init(argc, argv, "joystick_teleop");
[01;32m[K            ^[m[K
[01m[K/home/romain/catkin_ws/src/collision_avoidance/src/coll_avoid.cpp:50:18:[m[K [01;31m[Kerror: [m[K‘[01m[Kargv[m[K’ was not declared in this scope
  ros::init(argc, argv, "joystick_teleop");
[01;32m[K                  ^[m[K
make[2]: *** [CMakeFiles/collision_avoidance.dir/src/coll_avoid.cpp.o] Erreur 1
make[1]: *** [CMakeFiles/collision_avoidance.dir/all] Erreur 2
make: *** [all] Erreur 2
