[01m[K/home/romain/catkin_ws/src/collision_avoidance/src/coll_avoid.cpp:[m[K In constructor ‘[01m[Kcoll_avoid::coll_avoid()[m[K’:
[01m[K/home/romain/catkin_ws/src/collision_avoidance/src/coll_avoid.cpp:34:106:[m[K [01;31m[Kerror: [m[Kno matching function for call to ‘[01m[Kros::NodeHandle::subscribe(const char [13], int, void (coll_avoid::*)(sensor_msgs::PointCloud2ConstPtr), coll_avoid*)[m[K’
  distance_sub = nh_.subscribe<sensor_msgs::PointCloud2>("vision_robot", 2, &coll_avoid::pc_callback, this);
[01;32m[K                                                                                                          ^[m[K
In file included from [01m[K/opt/ros/kinetic/include/ros/ros.h:45:0[m[K,
                 from [01m[K/home/romain/catkin_ws/src/collision_avoidance/src/coll_avoid.cpp:1[m[K:
[01m[K/opt/ros/kinetic/include/ros/node_handle.h:401:14:[m[K [01;36m[Knote: [m[Kcandidate: template<class M, class T> ros::Subscriber ros::NodeHandle::subscribe(const string&, uint32_t, void (T::*)(M), T*, const ros::TransportHints&)
   Subscriber subscribe(const std::string& topic, uint32_t queue_size, void(T::*fp)(M), T* obj, 
[01;32m[K              ^[m[K
[01m[K/opt/ros/kinetic/include/ros/node_handle.h:401:14:[m[K [01;36m[Knote: [m[K  template argument deduction/substitution failed:
[01m[K/home/romain/catkin_ws/src/collision_avoidance/src/coll_avoid.cpp:34:106:[m[K [01;36m[Knote: [m[K  mismatched types ‘[01m[Ksensor_msgs::PointCloud2_<std::allocator<void> >[m[K’ and ‘[01m[Ksensor_msgs::PointCloud2ConstPtr {aka boost::shared_ptr<const sensor_msgs::PointCloud2_<std::allocator<void> > >}[m[K’
  distance_sub = nh_.subscribe<sensor_msgs::PointCloud2>("vision_robot", 2, &coll_avoid::pc_callback, this);
[01;32m[K                                                                                                          ^[m[K
In file included from [01m[K/opt/ros/kinetic/include/ros/ros.h:45:0[m[K,
                 from [01m[K/home/romain/catkin_ws/src/collision_avoidance/src/coll_avoid.cpp:1[m[K:
[01m[K/opt/ros/kinetic/include/ros/node_handle.h:412:14:[m[K [01;36m[Knote: [m[Kcandidate: template<class M, class T> ros::Subscriber ros::NodeHandle::subscribe(const string&, uint32_t, void (T::*)(M) const, T*, const ros::TransportHints&)
   Subscriber subscribe(const std::string& topic, uint32_t queue_size, void(T::*fp)(M) const, T* obj, 
[01;32m[K              ^[m[K
[01m[K/opt/ros/kinetic/include/ros/node_handle.h:412:14:[m[K [01;36m[Knote: [m[K  template argument deduction/substitution failed:
[01m[K/home/romain/catkin_ws/src/collision_avoidance/src/coll_avoid.cpp:34:106:[m[K [01;36m[Knote: [m[K  types ‘[01m[Kvoid (T::)(sensor_msgs::PointCloud2_<std::allocator<void> >) const[m[K’ and ‘[01m[Kvoid (coll_avoid::)(sensor_msgs::PointCloud2ConstPtr) {aka void (coll_avoid::)(boost::shared_ptr<const sensor_msgs::PointCloud2_<std::allocator<void> > >)}[m[K’ have incompatible cv-qualifiers
  distance_sub = nh_.subscribe<sensor_msgs::PointCloud2>("vision_robot", 2, &coll_avoid::pc_callback, this);
[01;32m[K                                                                                                          ^[m[K
In file included from [01m[K/opt/ros/kinetic/include/ros/ros.h:45:0[m[K,
                 from [01m[K/home/romain/catkin_ws/src/collision_avoidance/src/coll_avoid.cpp:1[m[K:
[01m[K/opt/ros/kinetic/include/ros/node_handle.h:464:14:[m[K [01;36m[Knote: [m[Kcandidate: template<class M, class T> ros::Subscriber ros::NodeHandle::subscribe(const string&, uint32_t, void (T::*)(const boost::shared_ptr<const M>&), T*, const ros::TransportHints&)
   Subscriber subscribe(const std::string& topic, uint32_t queue_size, 
[01;32m[K              ^[m[K
[01m[K/opt/ros/kinetic/include/ros/node_handle.h:464:14:[m[K [01;36m[Knote: [m[K  template argument deduction/substitution failed:
[01m[K/home/romain/catkin_ws/src/collision_avoidance/src/coll_avoid.cpp:34:106:[m[K [01;36m[Knote: [m[K  mismatched types ‘[01m[Kconst boost::shared_ptr<const sensor_msgs::PointCloud2_<std::allocator<void> > >&[m[K’ and ‘[01m[Ksensor_msgs::PointCloud2ConstPtr {aka boost::shared_ptr<const sensor_msgs::PointCloud2_<std::allocator<void> > >}[m[K’
  distance_sub = nh_.subscribe<sensor_msgs::PointCloud2>("vision_robot", 2, &coll_avoid::pc_callback, this);
[01;32m[K                                                                                                          ^[m[K
In file included from [01m[K/opt/ros/kinetic/include/ros/ros.h:45:0[m[K,
                 from [01m[K/home/romain/catkin_ws/src/collision_avoidance/src/coll_avoid.cpp:1[m[K:
[01m[K/opt/ros/kinetic/include/ros/node_handle.h:474:14:[m[K [01;36m[Knote: [m[Kcandidate: template<class M, class T> ros::Subscriber ros::NodeHandle::subscribe(const string&, uint32_t, void (T::*)(const boost::shared_ptr<const M>&) const, T*, const ros::TransportHints&)
   Subscriber subscribe(const std::string& topic, uint32_t queue_size, 
[01;32m[K              ^[m[K
[01m[K/opt/ros/kinetic/include/ros/node_handle.h:474:14:[m[K [01;36m[Knote: [m[K  template argument deduction/substitution failed:
[01m[K/home/romain/catkin_ws/src/collision_avoidance/src/coll_avoid.cpp:34:106:[m[K [01;36m[Knote: [m[K  types ‘[01m[Kvoid (T::)(const boost::shared_ptr<const sensor_msgs::PointCloud2_<std::allocator<void> > >&) const[m[K’ and ‘[01m[Kvoid (coll_avoid::)(sensor_msgs::PointCloud2ConstPtr) {aka void (coll_avoid::)(boost::shared_ptr<const sensor_msgs::PointCloud2_<std::allocator<void> > >)}[m[K’ have incompatible cv-qualifiers
  distance_sub = nh_.subscribe<sensor_msgs::PointCloud2>("vision_robot", 2, &coll_avoid::pc_callback, this);
[01;32m[K                                                                                                          ^[m[K
In file included from [01m[K/opt/ros/kinetic/include/ros/ros.h:45:0[m[K,
                 from [01m[K/home/romain/catkin_ws/src/collision_avoidance/src/coll_avoid.cpp:1[m[K:
[01m[K/opt/ros/kinetic/include/ros/node_handle.h:528:14:[m[K [01;36m[Knote: [m[Kcandidate: template<class M, class T> ros::Subscriber ros::NodeHandle::subscribe(const string&, uint32_t, void (T::*)(M), const boost::shared_ptr<U>&, const ros::TransportHints&)
   Subscriber subscribe(const std::string& topic, uint32_t queue_size, void(T::*fp)(M), 
[01;32m[K              ^[m[K
[01m[K/opt/ros/kinetic/include/ros/node_handle.h:528:14:[m[K [01;36m[Knote: [m[K  template argument deduction/substitution failed:
[01m[K/home/romain/catkin_ws/src/collision_avoidance/src/coll_avoid.cpp:34:106:[m[K [01;36m[Knote: [m[K  mismatched types ‘[01m[Ksensor_msgs::PointCloud2_<std::allocator<void> >[m[K’ and ‘[01m[Ksensor_msgs::PointCloud2ConstPtr {aka boost::shared_ptr<const sensor_msgs::PointCloud2_<std::allocator<void> > >}[m[K’
  distance_sub = nh_.subscribe<sensor_msgs::PointCloud2>("vision_robot", 2, &coll_avoid::pc_callback, this);
[01;32m[K                                                                                                          ^[m[K
In file included from [01m[K/opt/ros/kinetic/include/ros/ros.h:45:0[m[K,
                 from [01m[K/home/romain/catkin_ws/src/collision_avoidance/src/coll_avoid.cpp:1[m[K:
[01m[K/opt/ros/kinetic/include/ros/node_handle.h:539:14:[m[K [01;36m[Knote: [m[Kcandidate: template<class M, class T> ros::Subscriber ros::NodeHandle::subscribe(const string&, uint32_t, void (T::*)(M) const, const boost::shared_ptr<U>&, const ros::TransportHints&)
   Subscriber subscribe(const std::string& topic, uint32_t queue_size, void(T::*fp)(M) const, 
[01;32m[K              ^[m[K
[01m[K/opt/ros/kinetic/include/ros/node_handle.h:539:14:[m[K [01;36m[Knote: [m[K  template argument deduction/substitution failed:
[01m[K/home/romain/catkin_ws/src/collision_avoidance/src/coll_avoid.cpp:34:106:[m[K [01;36m[Knote: [m[K  types ‘[01m[Kvoid (T::)(sensor_msgs::PointCloud2_<std::allocator<void> >) const[m[K’ and ‘[01m[Kvoid (coll_avoid::)(sensor_msgs::PointCloud2ConstPtr) {aka void (coll_avoid::)(boost::shared_ptr<const sensor_msgs::PointCloud2_<std::allocator<void> > >)}[m[K’ have incompatible cv-qualifiers
  distance_sub = nh_.subscribe<sensor_msgs::PointCloud2>("vision_robot", 2, &coll_avoid::pc_callback, this);
[01;32m[K                                                                                                          ^[m[K
In file included from [01m[K/opt/ros/kinetic/include/ros/ros.h:45:0[m[K,
                 from [01m[K/home/romain/catkin_ws/src/collision_avoidance/src/coll_avoid.cpp:1[m[K:
[01m[K/opt/ros/kinetic/include/ros/node_handle.h:593:14:[m[K [01;36m[Knote: [m[Kcandidate: template<class M, class T> ros::Subscriber ros::NodeHandle::subscribe(const string&, uint32_t, void (T::*)(const boost::shared_ptr<const M>&), const boost::shared_ptr<U>&, const ros::TransportHints&)
   Subscriber subscribe(const std::string& topic, uint32_t queue_size, 
[01;32m[K              ^[m[K
[01m[K/opt/ros/kinetic/include/ros/node_handle.h:593:14:[m[K [01;36m[Knote: [m[K  template argument deduction/substitution failed:
[01m[K/home/romain/catkin_ws/src/collision_avoidance/src/coll_avoid.cpp:34:106:[m[K [01;36m[Knote: [m[K  mismatched types ‘[01m[Kconst boost::shared_ptr<const sensor_msgs::PointCloud2_<std::allocator<void> > >&[m[K’ and ‘[01m[Ksensor_msgs::PointCloud2ConstPtr {aka boost::shared_ptr<const sensor_msgs::PointCloud2_<std::allocator<void> > >}[m[K’
  distance_sub = nh_.subscribe<sensor_msgs::PointCloud2>("vision_robot", 2, &coll_avoid::pc_callback, this);
[01;32m[K                                                                                                          ^[m[K
In file included from [01m[K/opt/ros/kinetic/include/ros/ros.h:45:0[m[K,
                 from [01m[K/home/romain/catkin_ws/src/collision_avoidance/src/coll_avoid.cpp:1[m[K:
[01m[K/opt/ros/kinetic/include/ros/node_handle.h:604:14:[m[K [01;36m[Knote: [m[Kcandidate: template<class M, class T> ros::Subscriber ros::NodeHandle::subscribe(const string&, uint32_t, void (T::*)(const boost::shared_ptr<const M>&) const, const boost::shared_ptr<U>&, const ros::TransportHints&)
   Subscriber subscribe(const std::string& topic, uint32_t queue_size, 
[01;32m[K              ^[m[K
[01m[K/opt/ros/kinetic/include/ros/node_handle.h:604:14:[m[K [01;36m[Knote: [m[K  template argument deduction/substitution failed:
[01m[K/home/romain/catkin_ws/src/collision_avoidance/src/coll_avoid.cpp:34:106:[m[K [01;36m[Knote: [m[K  types ‘[01m[Kvoid (T::)(const boost::shared_ptr<const sensor_msgs::PointCloud2_<std::allocator<void> > >&) const[m[K’ and ‘[01m[Kvoid (coll_avoid::)(sensor_msgs::PointCloud2ConstPtr) {aka void (coll_avoid::)(boost::shared_ptr<const sensor_msgs::PointCloud2_<std::allocator<void> > >)}[m[K’ have incompatible cv-qualifiers
  distance_sub = nh_.subscribe<sensor_msgs::PointCloud2>("vision_robot", 2, &coll_avoid::pc_callback, this);
[01;32m[K                                                                                                          ^[m[K
In file included from [01m[K/opt/ros/kinetic/include/ros/ros.h:45:0[m[K,
                 from [01m[K/home/romain/catkin_ws/src/collision_avoidance/src/coll_avoid.cpp:1[m[K:
[01m[K/opt/ros/kinetic/include/ros/node_handle.h:655:14:[m[K [01;36m[Knote: [m[Kcandidate: template<class M> ros::Subscriber ros::NodeHandle::subscribe(const string&, uint32_t, void (*)(M), const ros::TransportHints&)
   Subscriber subscribe(const std::string& topic, uint32_t queue_size, void(*fp)(M), const TransportHints& transport_hints = TransportHints())
[01;32m[K              ^[m[K
[01m[K/opt/ros/kinetic/include/ros/node_handle.h:655:14:[m[K [01;36m[Knote: [m[K  template argument deduction/substitution failed:
[01m[K/home/romain/catkin_ws/src/collision_avoidance/src/coll_avoid.cpp:34:106:[m[K [01;36m[Knote: [m[K  cannot convert ‘[01m[K&coll_avoid::pc_callback[m[K’ (type ‘[01m[Kvoid (coll_avoid::*)(sensor_msgs::PointCloud2ConstPtr) {aka void (coll_avoid::*)(boost::shared_ptr<const sensor_msgs::PointCloud2_<std::allocator<void> > >)}[m[K’) to type ‘[01m[Kvoid (*)(sensor_msgs::PointCloud2_<std::allocator<void> >)[m[K’
  distance_sub = nh_.subscribe<sensor_msgs::PointCloud2>("vision_robot", 2, &coll_avoid::pc_callback, this);
[01;32m[K                                                                                                          ^[m[K
In file included from [01m[K/opt/ros/kinetic/include/ros/ros.h:45:0[m[K,
                 from [01m[K/home/romain/catkin_ws/src/collision_avoidance/src/coll_avoid.cpp:1[m[K:
[01m[K/opt/ros/kinetic/include/ros/node_handle.h:703:14:[m[K [01;36m[Knote: [m[Kcandidate: template<class M> ros::Subscriber ros::NodeHandle::subscribe(const string&, uint32_t, void (*)(const boost::shared_ptr<const M>&), const ros::TransportHints&)
   Subscriber subscribe(const std::string& topic, uint32_t queue_size, void(*fp)(const boost::shared_ptr<M const>&), const TransportHints& transport_hints = TransportHints())
[01;32m[K              ^[m[K
[01m[K/opt/ros/kinetic/include/ros/node_handle.h:703:14:[m[K [01;36m[Knote: [m[K  template argument deduction/substitution failed:
[01m[K/home/romain/catkin_ws/src/collision_avoidance/src/coll_avoid.cpp:34:106:[m[K [01;36m[Knote: [m[K  cannot convert ‘[01m[K&coll_avoid::pc_callback[m[K’ (type ‘[01m[Kvoid (coll_avoid::*)(sensor_msgs::PointCloud2ConstPtr) {aka void (coll_avoid::*)(boost::shared_ptr<const sensor_msgs::PointCloud2_<std::allocator<void> > >)}[m[K’) to type ‘[01m[Kvoid (*)(const boost::shared_ptr<const sensor_msgs::PointCloud2_<std::allocator<void> > >&)[m[K’
  distance_sub = nh_.subscribe<sensor_msgs::PointCloud2>("vision_robot", 2, &coll_avoid::pc_callback, this);
[01;32m[K                                                                                                          ^[m[K
In file included from [01m[K/opt/ros/kinetic/include/ros/ros.h:45:0[m[K,
                 from [01m[K/home/romain/catkin_ws/src/collision_avoidance/src/coll_avoid.cpp:1[m[K:
[01m[K/opt/ros/kinetic/include/ros/node_handle.h:749:14:[m[K [01;36m[Knote: [m[Kcandidate: template<class M> ros::Subscriber ros::NodeHandle::subscribe(const string&, uint32_t, const boost::function<void(const boost::shared_ptr<const M>&)>&, const VoidConstPtr&, const ros::TransportHints&)
   Subscriber subscribe(const std::string& topic, uint32_t queue_size, const boost::function<void (const boost::shared_ptr<M const>&)>& callback,
[01;32m[K              ^[m[K
[01m[K/opt/ros/kinetic/include/ros/node_handle.h:749:14:[m[K [01;36m[Knote: [m[K  template argument deduction/substitution failed:
[01m[K/home/romain/catkin_ws/src/collision_avoidance/src/coll_avoid.cpp:34:106:[m[K [01;36m[Knote: [m[K  cannot convert ‘[01m[K(coll_avoid*)this[m[K’ (type ‘[01m[Kcoll_avoid*[m[K’) to type ‘[01m[Kconst VoidConstPtr& {aka const boost::shared_ptr<const void>&}[m[K’
  distance_sub = nh_.subscribe<sensor_msgs::PointCloud2>("vision_robot", 2, &coll_avoid::pc_callback, this);
[01;32m[K                                                                                                          ^[m[K
In file included from [01m[K/opt/ros/kinetic/include/ros/ros.h:45:0[m[K,
                 from [01m[K/home/romain/catkin_ws/src/collision_avoidance/src/coll_avoid.cpp:1[m[K:
[01m[K/opt/ros/kinetic/include/ros/node_handle.h:798:14:[m[K [01;36m[Knote: [m[Kcandidate: template<class M, class C> ros::Subscriber ros::NodeHandle::subscribe(const string&, uint32_t, const boost::function<void(C)>&, const VoidConstPtr&, const ros::TransportHints&)
   Subscriber subscribe(const std::string& topic, uint32_t queue_size, const boost::function<void (C)>& callback,
[01;32m[K              ^[m[K
[01m[K/opt/ros/kinetic/include/ros/node_handle.h:798:14:[m[K [01;36m[Knote: [m[K  template argument deduction/substitution failed:
[01m[K/home/romain/catkin_ws/src/collision_avoidance/src/coll_avoid.cpp:34:106:[m[K [01;36m[Knote: [m[K  mismatched types ‘[01m[Kconst boost::function<void(C)>[m[K’ and ‘[01m[Kvoid (coll_avoid::*)(sensor_msgs::PointCloud2ConstPtr) {aka void (coll_avoid::*)(boost::shared_ptr<const sensor_msgs::PointCloud2_<std::allocator<void> > >)}[m[K’
  distance_sub = nh_.subscribe<sensor_msgs::PointCloud2>("vision_robot", 2, &coll_avoid::pc_callback, this);
[01;32m[K                                                                                                          ^[m[K
[01m[K/home/romain/catkin_ws/src/collision_avoidance/src/coll_avoid.cpp:[m[K At global scope:
[01m[K/home/romain/catkin_ws/src/collision_avoidance/src/coll_avoid.cpp:41:6:[m[K [01;31m[Kerror: [m[Kprototype for ‘[01m[Kvoid coll_avoid::pc_callback(sensor_msgs::PointCloud2)[m[K’ does not match any in class ‘[01m[Kcoll_avoid[m[K’
 void coll_avoid::pc_callback(const sensor_msgs::PointCloud2 msg) {
[01;32m[K      ^[m[K
[01m[K/home/romain/catkin_ws/src/collision_avoidance/src/coll_avoid.cpp:14:7:[m[K [01;31m[Kerror: [m[Kcandidate is: void coll_avoid::pc_callback(sensor_msgs::PointCloud2ConstPtr)
  void pc_callback(const sensor_msgs::PointCloud2ConstPtr msg);
[01;32m[K       ^[m[K
make[2]: *** [CMakeFiles/collision_avoidance.dir/src/coll_avoid.cpp.o] Erreur 1
make[1]: *** [CMakeFiles/collision_avoidance.dir/all] Erreur 2
make: *** [all] Erreur 2
