[01m[K/home/romain/catkin_ws/src/collision_avoidance/src/coll_avoid.cpp:[m[K In member function ‘[01m[Kvoid coll_avoid::pc_callback(sensor_msgs::PointCloud2)[m[K’:
[01m[K/home/romain/catkin_ws/src/collision_avoidance/src/coll_avoid.cpp:43:18:[m[K [01;31m[Kerror: [m[Kno match for ‘[01m[Koperator*[m[K’ (operand type is ‘[01m[Kconst PointCloud2 {aka const sensor_msgs::PointCloud2_<std::allocator<void> >}[m[K’)
  pcl::fromROSMsg(*msg, pc);
[01;32m[K                  ^[m[K
In file included from [01m[K/usr/include/boost/config/no_tr1/complex.hpp:21:0[m[K,
                 from [01m[K/usr/include/boost/math/policies/error_handling.hpp:15[m[K,
                 from [01m[K/usr/include/boost/math/special_functions/round.hpp:14[m[K,
                 from [01m[K/opt/ros/kinetic/include/ros/time.h:58[m[K,
                 from [01m[K/opt/ros/kinetic/include/ros/ros.h:38[m[K,
                 from [01m[K/home/romain/catkin_ws/src/collision_avoidance/src/coll_avoid.cpp:1[m[K:
[01m[K/usr/include/c++/5/complex:404:5:[m[K [01;36m[Knote: [m[Kcandidate: template<class _Tp> std::complex<_Tp> std::operator*(const _Tp&, const std::complex<_Tp>&)
     operator*(const _Tp& __x, const complex<_Tp>& __y)
[01;32m[K     ^[m[K
[01m[K/usr/include/c++/5/complex:404:5:[m[K [01;36m[Knote: [m[K  template argument deduction/substitution failed:
[01m[K/home/romain/catkin_ws/src/collision_avoidance/src/coll_avoid.cpp:43:19:[m[K [01;36m[Knote: [m[K  candidate expects 2 arguments, 1 provided
  pcl::fromROSMsg(*msg, pc);
[01;32m[K                   ^[m[K
In file included from [01m[K/usr/include/boost/config/no_tr1/complex.hpp:21:0[m[K,
                 from [01m[K/usr/include/boost/math/policies/error_handling.hpp:15[m[K,
                 from [01m[K/usr/include/boost/math/special_functions/round.hpp:14[m[K,
                 from [01m[K/opt/ros/kinetic/include/ros/time.h:58[m[K,
                 from [01m[K/opt/ros/kinetic/include/ros/ros.h:38[m[K,
                 from [01m[K/home/romain/catkin_ws/src/collision_avoidance/src/coll_avoid.cpp:1[m[K:
[01m[K/usr/include/c++/5/complex:395:5:[m[K [01;36m[Knote: [m[Kcandidate: template<class _Tp> std::complex<_Tp> std::operator*(const std::complex<_Tp>&, const _Tp&)
     operator*(const complex<_Tp>& __x, const _Tp& __y)
[01;32m[K     ^[m[K
[01m[K/usr/include/c++/5/complex:395:5:[m[K [01;36m[Knote: [m[K  template argument deduction/substitution failed:
[01m[K/home/romain/catkin_ws/src/collision_avoidance/src/coll_avoid.cpp:43:19:[m[K [01;36m[Knote: [m[K  ‘[01m[Kconst PointCloud2 {aka const sensor_msgs::PointCloud2_<std::allocator<void> >}[m[K’ is not derived from ‘[01m[Kconst std::complex<_Tp>[m[K’
  pcl::fromROSMsg(*msg, pc);
[01;32m[K                   ^[m[K
In file included from [01m[K/usr/include/boost/config/no_tr1/complex.hpp:21:0[m[K,
                 from [01m[K/usr/include/boost/math/policies/error_handling.hpp:15[m[K,
                 from [01m[K/usr/include/boost/math/special_functions/round.hpp:14[m[K,
                 from [01m[K/opt/ros/kinetic/include/ros/time.h:58[m[K,
                 from [01m[K/opt/ros/kinetic/include/ros/ros.h:38[m[K,
                 from [01m[K/home/romain/catkin_ws/src/collision_avoidance/src/coll_avoid.cpp:1[m[K:
[01m[K/usr/include/c++/5/complex:386:5:[m[K [01;36m[Knote: [m[Kcandidate: template<class _Tp> std::complex<_Tp> std::operator*(const std::complex<_Tp>&, const std::complex<_Tp>&)
     operator*(const complex<_Tp>& __x, const complex<_Tp>& __y)
[01;32m[K     ^[m[K
[01m[K/usr/include/c++/5/complex:386:5:[m[K [01;36m[Knote: [m[K  template argument deduction/substitution failed:
[01m[K/home/romain/catkin_ws/src/collision_avoidance/src/coll_avoid.cpp:43:19:[m[K [01;36m[Knote: [m[K  ‘[01m[Kconst PointCloud2 {aka const sensor_msgs::PointCloud2_<std::allocator<void> >}[m[K’ is not derived from ‘[01m[Kconst std::complex<_Tp>[m[K’
  pcl::fromROSMsg(*msg, pc);
[01;32m[K                   ^[m[K
make[2]: *** [CMakeFiles/collision_avoidance.dir/src/coll_avoid.cpp.o] Erreur 1
make[1]: *** [CMakeFiles/collision_avoidance.dir/all] Erreur 2
make: *** [all] Erreur 2
