Determining if the pthread_create exist failed with the following output:
Change Dir: /home/romain/catkin_ws/build/ros_bubble_rob/CMakeFiles/CMakeTmp

Run Build Command:"/usr/bin/make" "cmTC_1ca27/fast"
/usr/bin/make -f CMakeFiles/cmTC_1ca27.dir/build.make CMakeFiles/cmTC_1ca27.dir/build
make[1] : on entre dans le répertoire « /home/romain/catkin_ws/build/ros_bubble_rob/CMakeFiles/CMakeTmp »
Building C object CMakeFiles/cmTC_1ca27.dir/CheckSymbolExists.c.o
/usr/bin/cc     -o CMakeFiles/cmTC_1ca27.dir/CheckSymbolExists.c.o   -c /home/romain/catkin_ws/build/ros_bubble_rob/CMakeFiles/CMakeTmp/CheckSymbolExists.c
Linking C executable cmTC_1ca27
/usr/bin/cmake -E cmake_link_script CMakeFiles/cmTC_1ca27.dir/link.txt --verbose=1
/usr/bin/cc       CMakeFiles/cmTC_1ca27.dir/CheckSymbolExists.c.o  -o cmTC_1ca27 -rdynamic 
CMakeFiles/cmTC_1ca27.dir/CheckSymbolExists.c.o : Dans la fonction « main » :
CheckSymbolExists.c:(.text+0x16) : référence indéfinie vers « pthread_create »
collect2: error: ld returned 1 exit status
CMakeFiles/cmTC_1ca27.dir/build.make:97 : la recette pour la cible « cmTC_1ca27 » a échouée
make[1]: *** [cmTC_1ca27] Erreur 1
make[1] : on quitte le répertoire « /home/romain/catkin_ws/build/ros_bubble_rob/CMakeFiles/CMakeTmp »
Makefile:126 : la recette pour la cible « cmTC_1ca27/fast » a échouée
make: *** [cmTC_1ca27/fast] Erreur 2

File /home/romain/catkin_ws/build/ros_bubble_rob/CMakeFiles/CMakeTmp/CheckSymbolExists.c:
/* */
#include <pthread.h>

int main(int argc, char** argv)
{
  (void)argv;
#ifndef pthread_create
  return ((int*)(&pthread_create))[argc];
#else
  (void)argc;
  return 0;
#endif
}

Determining if the function pthread_create exists in the pthreads failed with the following output:
Change Dir: /home/romain/catkin_ws/build/ros_bubble_rob/CMakeFiles/CMakeTmp

Run Build Command:"/usr/bin/make" "cmTC_472be/fast"
/usr/bin/make -f CMakeFiles/cmTC_472be.dir/build.make CMakeFiles/cmTC_472be.dir/build
make[1] : on entre dans le répertoire « /home/romain/catkin_ws/build/ros_bubble_rob/CMakeFiles/CMakeTmp »
Building C object CMakeFiles/cmTC_472be.dir/CheckFunctionExists.c.o
/usr/bin/cc    -DCHECK_FUNCTION_EXISTS=pthread_create   -o CMakeFiles/cmTC_472be.dir/CheckFunctionExists.c.o   -c /usr/share/cmake-3.5/Modules/CheckFunctionExists.c
Linking C executable cmTC_472be
/usr/bin/cmake -E cmake_link_script CMakeFiles/cmTC_472be.dir/link.txt --verbose=1
/usr/bin/cc   -DCHECK_FUNCTION_EXISTS=pthread_create    CMakeFiles/cmTC_472be.dir/CheckFunctionExists.c.o  -o cmTC_472be -rdynamic -lpthreads 
/usr/bin/ld : ne peut trouver -lpthreads
collect2: error: ld returned 1 exit status
CMakeFiles/cmTC_472be.dir/build.make:97 : la recette pour la cible « cmTC_472be » a échouée
make[1]: *** [cmTC_472be] Erreur 1
make[1] : on quitte le répertoire « /home/romain/catkin_ws/build/ros_bubble_rob/CMakeFiles/CMakeTmp »
Makefile:126 : la recette pour la cible « cmTC_472be/fast » a échouée
make: *** [cmTC_472be/fast] Erreur 2


