Determining if the pthread_create exist failed with the following output:
Change Dir: /home/romain/catkin_ws/build/vrep_plugin/CMakeFiles/CMakeTmp

Run Build Command:"/usr/bin/make" "cmTC_4743e/fast"
/usr/bin/make -f CMakeFiles/cmTC_4743e.dir/build.make CMakeFiles/cmTC_4743e.dir/build
make[1] : on entre dans le répertoire « /home/romain/catkin_ws/build/vrep_plugin/CMakeFiles/CMakeTmp »
Building C object CMakeFiles/cmTC_4743e.dir/CheckSymbolExists.c.o
/usr/bin/cc     -o CMakeFiles/cmTC_4743e.dir/CheckSymbolExists.c.o   -c /home/romain/catkin_ws/build/vrep_plugin/CMakeFiles/CMakeTmp/CheckSymbolExists.c
Linking C executable cmTC_4743e
/usr/bin/cmake -E cmake_link_script CMakeFiles/cmTC_4743e.dir/link.txt --verbose=1
/usr/bin/cc       CMakeFiles/cmTC_4743e.dir/CheckSymbolExists.c.o  -o cmTC_4743e -rdynamic 
CMakeFiles/cmTC_4743e.dir/CheckSymbolExists.c.o : Dans la fonction « main » :
CheckSymbolExists.c:(.text+0x16) : référence indéfinie vers « pthread_create »
collect2: error: ld returned 1 exit status
CMakeFiles/cmTC_4743e.dir/build.make:97 : la recette pour la cible « cmTC_4743e » a échouée
make[1]: *** [cmTC_4743e] Erreur 1
make[1] : on quitte le répertoire « /home/romain/catkin_ws/build/vrep_plugin/CMakeFiles/CMakeTmp »
Makefile:126 : la recette pour la cible « cmTC_4743e/fast » a échouée
make: *** [cmTC_4743e/fast] Erreur 2

File /home/romain/catkin_ws/build/vrep_plugin/CMakeFiles/CMakeTmp/CheckSymbolExists.c:
/* */
#include <pthread.h>

int main(int argc, char** argv)
{
  (void)argv;
#ifndef pthread_create
  return ((int*)(&pthread_create))[argc];
#else
  (void)argc;
  return 0;
#endif
}

Determining if the function pthread_create exists in the pthreads failed with the following output:
Change Dir: /home/romain/catkin_ws/build/vrep_plugin/CMakeFiles/CMakeTmp

Run Build Command:"/usr/bin/make" "cmTC_bbc2d/fast"
/usr/bin/make -f CMakeFiles/cmTC_bbc2d.dir/build.make CMakeFiles/cmTC_bbc2d.dir/build
make[1] : on entre dans le répertoire « /home/romain/catkin_ws/build/vrep_plugin/CMakeFiles/CMakeTmp »
Building C object CMakeFiles/cmTC_bbc2d.dir/CheckFunctionExists.c.o
/usr/bin/cc    -DCHECK_FUNCTION_EXISTS=pthread_create   -o CMakeFiles/cmTC_bbc2d.dir/CheckFunctionExists.c.o   -c /usr/share/cmake-3.5/Modules/CheckFunctionExists.c
Linking C executable cmTC_bbc2d
/usr/bin/cmake -E cmake_link_script CMakeFiles/cmTC_bbc2d.dir/link.txt --verbose=1
/usr/bin/cc   -DCHECK_FUNCTION_EXISTS=pthread_create    CMakeFiles/cmTC_bbc2d.dir/CheckFunctionExists.c.o  -o cmTC_bbc2d -rdynamic -lpthreads 
/usr/bin/ld : ne peut trouver -lpthreads
collect2: error: ld returned 1 exit status
CMakeFiles/cmTC_bbc2d.dir/build.make:97 : la recette pour la cible « cmTC_bbc2d » a échouée
make[1]: *** [cmTC_bbc2d] Erreur 1
make[1] : on quitte le répertoire « /home/romain/catkin_ws/build/vrep_plugin/CMakeFiles/CMakeTmp »
Makefile:126 : la recette pour la cible « cmTC_bbc2d/fast » a échouée
make: *** [cmTC_bbc2d/fast] Erreur 2


