Determining if the pthread_create exist failed with the following output:
Change Dir: /home/GTL/ramuat/aut_robotics/build/CMakeFiles/CMakeTmp

Run Build Command:"/usr/bin/make" "cmTC_7c888/fast"
/usr/bin/make -f CMakeFiles/cmTC_7c888.dir/build.make CMakeFiles/cmTC_7c888.dir/build
make[1]: Entering directory '/home/GTL/ramuat/aut_robotics/build/CMakeFiles/CMakeTmp'
Building C object CMakeFiles/cmTC_7c888.dir/CheckSymbolExists.c.o
/usr/bin/cc     -o CMakeFiles/cmTC_7c888.dir/CheckSymbolExists.c.o   -c /home/GTL/ramuat/aut_robotics/build/CMakeFiles/CMakeTmp/CheckSymbolExists.c
Linking C executable cmTC_7c888
/usr/bin/cmake -E cmake_link_script CMakeFiles/cmTC_7c888.dir/link.txt --verbose=1
/usr/bin/cc       CMakeFiles/cmTC_7c888.dir/CheckSymbolExists.c.o  -o cmTC_7c888 -rdynamic 
CMakeFiles/cmTC_7c888.dir/CheckSymbolExists.c.o: In function `main':
CheckSymbolExists.c:(.text+0x16): undefined reference to `pthread_create'
collect2: error: ld returned 1 exit status
CMakeFiles/cmTC_7c888.dir/build.make:97: recipe for target 'cmTC_7c888' failed
make[1]: *** [cmTC_7c888] Error 1
make[1]: Leaving directory '/home/GTL/ramuat/aut_robotics/build/CMakeFiles/CMakeTmp'
Makefile:126: recipe for target 'cmTC_7c888/fast' failed
make: *** [cmTC_7c888/fast] Error 2

File /home/GTL/ramuat/aut_robotics/build/CMakeFiles/CMakeTmp/CheckSymbolExists.c:
/* */
#include <pthread.h>

int main(int argc, char** argv)
{
  (void)argv;
#ifndef pthread_create
  return ((int*)(&pthread_create))[argc];
#else
  (void)argc;
  return 0;
#endif
}

Determining if the function pthread_create exists in the pthreads failed with the following output:
Change Dir: /home/GTL/ramuat/aut_robotics/build/CMakeFiles/CMakeTmp

Run Build Command:"/usr/bin/make" "cmTC_cca0a/fast"
/usr/bin/make -f CMakeFiles/cmTC_cca0a.dir/build.make CMakeFiles/cmTC_cca0a.dir/build
make[1]: Entering directory '/home/GTL/ramuat/aut_robotics/build/CMakeFiles/CMakeTmp'
Building C object CMakeFiles/cmTC_cca0a.dir/CheckFunctionExists.c.o
/usr/bin/cc    -DCHECK_FUNCTION_EXISTS=pthread_create   -o CMakeFiles/cmTC_cca0a.dir/CheckFunctionExists.c.o   -c /usr/share/cmake-3.5/Modules/CheckFunctionExists.c
Linking C executable cmTC_cca0a
/usr/bin/cmake -E cmake_link_script CMakeFiles/cmTC_cca0a.dir/link.txt --verbose=1
/usr/bin/cc   -DCHECK_FUNCTION_EXISTS=pthread_create    CMakeFiles/cmTC_cca0a.dir/CheckFunctionExists.c.o  -o cmTC_cca0a -rdynamic -lpthreads 
/usr/bin/ld: cannot find -lpthreads
collect2: error: ld returned 1 exit status
CMakeFiles/cmTC_cca0a.dir/build.make:97: recipe for target 'cmTC_cca0a' failed
make[1]: *** [cmTC_cca0a] Error 1
make[1]: Leaving directory '/home/GTL/ramuat/aut_robotics/build/CMakeFiles/CMakeTmp'
Makefile:126: recipe for target 'cmTC_cca0a/fast' failed
make: *** [cmTC_cca0a/fast] Error 2


